error | 12-22-2023 14:40:19 | Error User Dao:
error | 12-22-2023 14:40:19 | Error User Dao:
error | 12-22-2023 14:40:19 | Error User Service
error | 12-22-2023 14:40:42 | Error User Dao:
error | 12-22-2023 14:40:42 | Error User Dao:
error | 12-22-2023 14:40:42 | Error User Service
error | 12-26-2023 23:15:54 | Error User Dao:
error | 12-27-2023 02:46:54 | Error User Dao:
error | 12-27-2023 02:55:55 | Error User Dao:
error | 12-27-2023 03:08:39 | Error User Dao:
error | 12-27-2023 03:11:36 | Error User Dao: Operation `users.findOne()` buffering timed out after 10000ms
error | 12-27-2023 03:18:38 | Error User Dao: Operation `users.findOne()` buffering timed out after 10000ms
error | 12-27-2023 03:20:41 | Error User Dao: Operation `users.findOne()` buffering timed out after 10000ms
error | 12-27-2023 03:55:43 | Error Passport local:
error | 12-27-2023 04:02:41 | Error Passport local: especificacion is not defined
error | 12-27-2023 04:04:56 | Error User Dao: Operation `users.findOne()` buffering timed out after 10000ms
error | 12-27-2023 04:07:08 | Error User Dao: Operation `users.findOne()` buffering timed out after 10000ms
error | 12-27-2023 04:08:33 | Error User Dao:
error | 12-27-2023 04:09:30 | Error User Dao: Operation `users.findOne()` buffering timed out after 10000ms
error | 12-27-2023 21:15:14 | Error User Dao: Operation `users.findOne()` buffering timed out after 10000ms
error | 12-27-2023 21:24:47 | Error User Dao: Operation `users.findOne()` buffering timed out after 10000ms
error | 12-27-2023 23:53:53 | Error User Dao: Operation `users.findOne()` buffering timed out after 10000ms
error | 12-28-2023 00:00:05 | Error User Dao: Operation `users.findOne()` buffering timed out after 10000ms
error | 12-28-2023 00:00:05 | Error User Dao: Operation `users.findOne()` buffering timed out after 10000ms
error | 12-28-2023 00:00:05 | Error User Service Operation `users.findOne()` buffering timed out after 10000ms
error | 12-28-2023 00:00:43 | Error User Dao: Operation `users.findOne()` buffering timed out after 10000ms
error | 12-28-2023 00:00:43 | Error User Dao: Operation `users.findOne()` buffering timed out after 10000ms
error | 12-28-2023 00:00:43 | Error User Service Operation `users.findOne()` buffering timed out after 10000ms
error | 12-28-2023 00:17:17 | Error User Dao: Operation `users.findOne()` buffering timed out after 10000ms
error | 12-28-2023 00:17:17 | Error User Dao: Operation `users.findOne()` buffering timed out after 10000ms
error | 12-28-2023 00:17:17 | Error User Service Operation `users.findOne()` buffering timed out after 10000ms
error | 12-28-2023 00:27:14 | Error User Dao: Operation `users.findOne()` buffering timed out after 10000ms
error | 12-28-2023 00:27:14 | Error User Dao: Operation `users.findOne()` buffering timed out after 10000ms
error | 12-28-2023 00:27:14 | Error User Service Operation `users.findOne()` buffering timed out after 10000ms
error | 12-29-2023 01:50:45 | Error User Dao: Operation `users.findOne()` buffering timed out after 10000ms
error | 12-29-2023 01:50:45 | Error User Dao: Operation `users.findOne()` buffering timed out after 10000ms
error | 12-29-2023 01:50:45 | Error User Services: Operation `users.findOne()` buffering timed out after 10000ms
error | 12-29-2023 01:59:29 | Error User Dao: Operation `users.findOne()` buffering timed out after 10000ms
error | 12-29-2023 01:59:29 | Error User Dao: Operation `users.findOne()` buffering timed out after 10000ms
error | 12-29-2023 01:59:29 | Error User Services: Operation `users.findOne()` buffering timed out after 10000ms
error | 12-29-2023 20:02:17 | Error User Dao: Operation `users.findOne()` buffering timed out after 10000ms
error | 12-29-2023 20:02:17 | Error User Dao: Operation `users.findOne()` buffering timed out after 10000ms
error | 12-29-2023 20:02:17 | Error User Services: Operation `users.findOne()` buffering timed out after 10000ms
error | 12-29-2023 20:32:22 | Error User Dao: Operation `users.findOne()` buffering timed out after 10000ms
error | 12-29-2023 20:32:22 | Error User Dao: Operation `users.findOne()` buffering timed out after 10000ms
error | 12-29-2023 20:32:22 | Error User Services: Operation `users.findOne()` buffering timed out after 10000ms
error | 12-29-2023 20:36:20 | Error User Dao: Operation `users.findOne()` buffering timed out after 10000ms
error | 12-29-2023 20:36:20 | Error User Dao: Operation `users.findOne()` buffering timed out after 10000ms
error | 12-29-2023 20:36:20 | Error User Services: Operation `users.findOne()` buffering timed out after 10000ms
error | 12-30-2023 00:36:56 | Error User Dao: Operation `users.findOne()` buffering timed out after 10000ms
error | 12-30-2023 00:38:13 | Error User Dao: Operation `users.findOne()` buffering timed out after 10000ms
error | 12-30-2023 00:40:46 | Error User Dao: Operation `users.findOne()` buffering timed out after 10000ms
error | 12-30-2023 00:41:48 | Error User Dao: Operation `users.findOne()` buffering timed out after 10000ms
error | 12-30-2023 00:47:20 | Error User Dao: Operation `users.findOne()` buffering timed out after 10000ms
error | 12-30-2023 00:47:20 | Error User Dao: Operation `users.findOne()` buffering timed out after 10000ms
error | 12-30-2023 00:47:20 | Error User Services: Operation `users.findOne()` buffering timed out after 10000ms
error | 12-30-2023 00:48:20 | Error User Dao: Operation `users.findOne()` buffering timed out after 10000ms
error | 12-30-2023 00:49:44 | Error User Dao: Operation `users.findOne()` buffering timed out after 10000ms
error | 12-30-2023 01:17:32 | Error User Dao: Operation `users.findOne()` buffering timed out after 10000ms
error | 12-30-2023 01:17:32 | Error User Dao: Operation `users.findOne()` buffering timed out after 10000ms
error | 12-30-2023 01:17:32 | Error User Services: Operation `users.findOne()` buffering timed out after 10000ms
error | 12-30-2023 01:18:04 | Error User Dao: Operation `users.findOne()` buffering timed out after 10000ms
error | 12-30-2023 01:18:04 | Error User Dao: Operation `users.findOne()` buffering timed out after 10000ms
error | 12-30-2023 01:18:04 | Error User Services: Operation `users.findOne()` buffering timed out after 10000ms
error | 12-30-2023 01:26:12 | Error User Dao: Operation `users.findOne()` buffering timed out after 10000ms
error | 12-30-2023 01:43:08 | Error User Dao: Operation `users.findOne()` buffering timed out after 10000ms
error | 12-30-2023 01:43:45 | Error User Dao: Operation `users.findOne()` buffering timed out after 10000ms
error | 12-30-2023 01:43:45 | Error User Dao: Operation `users.findOne()` buffering timed out after 10000ms
error | 12-30-2023 01:43:45 | Error User Services: Operation `users.findOne()` buffering timed out after 10000ms
error | 12-30-2023 01:44:16 | Error User Dao: Operation `users.findOne()` buffering timed out after 10000ms
error | 12-30-2023 01:44:16 | Error User Dao: Operation `users.findOne()` buffering timed out after 10000ms
error | 12-30-2023 01:44:16 | Error User Services: Operation `users.findOne()` buffering timed out after 10000ms
error | 12-30-2023 01:44:37 | Error User Dao: Operation `users.findOne()` buffering timed out after 10000ms
error | 12-30-2023 01:44:37 | Error User Dao: Operation `users.findOne()` buffering timed out after 10000ms
error | 12-30-2023 01:44:37 | Error User Services: Operation `users.findOne()` buffering timed out after 10000ms
error | 12-30-2023 01:44:44 | Error User Dao: Operation `users.findOne()` buffering timed out after 10000ms
error | 12-30-2023 01:44:44 | Error User Dao: Operation `users.findOne()` buffering timed out after 10000ms
error | 12-30-2023 01:44:44 | Error User Services: Operation `users.findOne()` buffering timed out after 10000ms
error | 12-30-2023 01:45:47 | Error User Dao: Operation `users.findOne()` buffering timed out after 10000ms
error | 12-30-2023 01:54:25 | Error User Dao: Operation `users.findOne()` buffering timed out after 10000ms
error | 12-30-2023 02:02:53 | Error User Dao: Operation `users.findOne()` buffering timed out after 10000ms
error | 12-30-2023 02:02:53 | Error User Dao: Operation `users.findOne()` buffering timed out after 10000ms
error | 12-30-2023 02:02:53 | Error User Services: Operation `users.findOne()` buffering timed out after 10000ms
